2023-04-12 10:06:12.128 18508-18582/io.flutter.scroll_overlay I/flutter: [kingwei]applyPhysicsToUserOffset position.pixels: 0.0, position.minScrollExtent: 0.0, position.maxScrollExtent: 4227.454545454546, position.extentBefore: 0.0, position.extentInside: 822.5454545454545, position.extentAfter: 4227.454545454546, position.atEdge: true, position.outOfRange: false, position.viewportDimension: 822.5454545454545, position.axisDirection: AxisDirection.down
2023-04-12 10:06:12.128 18508-18582/io.flutter.scroll_overlay I/flutter: [kingwei]applyPhysicsToUserOffset offset: 1.1666666666666667
2023-04-12 10:06:12.128 18508-18582/io.flutter.scroll_overlay I/flutter: [kingwei]applyPhysicsToUserOffset result: 1.1666666666666667
2023-04-12 10:06:12.128 18508-18582/io.flutter.scroll_overlay I/flutter: [kingwei]applyBoundaryConditions position.pixels: 0.0, position.minScrollExtent: 0.0, position.maxScrollExtent: 4227.454545454546, position.extentBefore: 0.0, position.extentInside: 822.5454545454545, position.extentAfter: 4227.454545454546, position.atEdge: true, position.outOfRange: false, position.viewportDimension: 822.5454545454545, position.axisDirection: AxisDirection.down
2023-04-12 10:06:12.128 18508-18582/io.flutter.scroll_overlay I/flutter: [kingwei]applyBoundaryConditions value: -1.1666666666666667
2023-04-12 10:06:12.128 18508-18582/io.flutter.scroll_overlay I/flutter: [kingwei]applyBoundaryConditions result: Underscroll -1.1666666666666667
2023-04-12 10:06:12.132 18508-18582/io.flutter.scroll_overlay I/flutter: [kingwei]applyPhysicsToUserOffset position.pixels: 0.0, position.minScrollExtent: 0.0, position.maxScrollExtent: 4227.454545454546, position.extentBefore: 0.0, position.extentInside: 822.5454545454545, position.extentAfter: 4227.454545454546, position.atEdge: true, position.outOfRange: false, position.viewportDimension: 822.5454545454545, position.axisDirection: AxisDirection.down
2023-04-12 10:06:12.132 18508-18582/io.flutter.scroll_overlay I/flutter: [kingwei]applyPhysicsToUserOffset offset: 4.290704900568187
2023-04-12 10:06:12.132 18508-18582/io.flutter.scroll_overlay I/flutter: [kingwei]applyPhysicsToUserOffset result: 4.290704900568187
2023-04-12 10:06:12.132 18508-18582/io.flutter.scroll_overlay I/flutter: [kingwei]applyBoundaryConditions position.pixels: 0.0, position.minScrollExtent: 0.0, position.maxScrollExtent: 4227.454545454546, position.extentBefore: 0.0, position.extentInside: 822.5454545454545, position.extentAfter: 4227.454545454546, position.atEdge: true, position.outOfRange: false, position.viewportDimension: 822.5454545454545, position.axisDirection: AxisDirection.down
2023-04-12 10:06:12.132 18508-18582/io.flutter.scroll_overlay I/flutter: [kingwei]applyBoundaryConditions value: -4.290704900568187
2023-04-12 10:06:12.132 18508-18582/io.flutter.scroll_overlay I/flutter: [kingwei]applyBoundaryConditions result: Underscroll -4.290704900568187
2023-04-12 10:06:12.140 18508-18582/io.flutter.scroll_overlay I/flutter: [kingwei]applyPhysicsToUserOffset position.pixels: 0.0, position.minScrollExtent: 0.0, position.maxScrollExtent: 4227.454545454546, position.extentBefore: 0.0, position.extentInside: 822.5454545454545, position.extentAfter: 4227.454545454546, position.atEdge: true, position.outOfRange: false, position.viewportDimension: 822.5454545454545, position.axisDirection: AxisDirection.down
2023-04-12 10:06:12.140 18508-18582/io.flutter.scroll_overlay I/flutter: [kingwei]applyPhysicsToUserOffset offset: 4.945268110795439
2023-04-12 10:06:12.140 18508-18582/io.flutter.scroll_overlay I/flutter: [kingwei]applyPhysicsToUserOffset result: 4.945268110795439
2023-04-12 10:06:12.140 18508-18582/io.flutter.scroll_overlay I/flutter: [kingwei]applyBoundaryConditions position.pixels: 0.0, position.minScrollExtent: 0.0, position.maxScrollExtent: 4227.454545454546, position.extentBefore: 0.0, position.extentInside: 822.5454545454545, position.extentAfter: 4227.454545454546, position.atEdge: true, position.outOfRange: false, position.viewportDimension: 822.5454545454545, position.axisDirection: AxisDirection.down
2023-04-12 10:06:12.140 18508-18582/io.flutter.scroll_overlay I/flutter: [kingwei]applyBoundaryConditions value: -4.945268110795439
2023-04-12 10:06:12.140 18508-18582/io.flutter.scroll_overlay I/flutter: [kingwei]applyBoundaryConditions result: Underscroll -4.945268110795439
2023-04-12 10:06:12.145 18508-18582/io.flutter.scroll_overlay I/flutter: [kingwei]applyPhysicsToUserOffset position.pixels: 0.0, position.minScrollExtent: 0.0, position.maxScrollExtent: 4227.454545454546, position.extentBefore: 0.0, position.extentInside: 822.5454545454545, position.extentAfter: 4227.454545454546, position.atEdge: true, position.outOfRange: false, position.viewportDimension: 822.5454545454545, position.axisDirection: AxisDirection.down
2023-04-12 10:06:12.145 18508-18582/io.flutter.scroll_overlay I/flutter: [kingwei]applyPhysicsToUserOffset offset: 5.454323508522748
2023-04-12 10:06:12.145 18508-18582/io.flutter.scroll_overlay I/flutter: [kingwei]applyPhysicsToUserOffset result: 5.454323508522748
2023-04-12 10:06:12.145 18508-18582/io.flutter.scroll_overlay I/flutter: [kingwei]applyBoundaryConditions position.pixels: 0.0, position.minScrollExtent: 0.0, position.maxScrollExtent: 4227.454545454546, position.extentBefore: 0.0, position.extentInside: 822.5454545454545, position.extentAfter: 4227.454545454546, position.atEdge: true, position.outOfRange: false, position.viewportDimension: 822.5454545454545, position.axisDirection: AxisDirection.down
2023-04-12 10:06:12.145 18508-18582/io.flutter.scroll_overlay I/flutter: [kingwei]applyBoundaryConditions value: -5.454323508522748
2023-04-12 10:06:12.145 18508-18582/io.flutter.scroll_overlay I/flutter: [kingwei]applyBoundaryConditions result: Underscroll -5.454323508522748
2023-04-12 10:06:12.150 18508-18582/io.flutter.scroll_overlay I/flutter: [kingwei]applyPhysicsToUserOffset position.pixels: 0.0, position.minScrollExtent: 0.0, position.maxScrollExtent: 4227.454545454546, position.extentBefore: 0.0, position.extentInside: 822.5454545454545, position.extentAfter: 4227.454545454546, position.atEdge: true, position.outOfRange: false, position.viewportDimension: 822.5454545454545, position.axisDirection: AxisDirection.down
2023-04-12 10:06:12.150 18508-18582/io.flutter.scroll_overlay I/flutter: [kingwei]applyPhysicsToUserOffset offset: 6.908780184659065
2023-04-12 10:06:12.150 18508-18582/io.flutter.scroll_overlay I/flutter: [kingwei]applyPhysicsToUserOffset result: 6.908780184659065
2023-04-12 10:06:12.151 18508-18582/io.flutter.scroll_overlay I/flutter: [kingwei]applyBoundaryConditions position.pixels: 0.0, position.minScrollExtent: 0.0, position.maxScrollExtent: 4227.454545454546, position.extentBefore: 0.0, position.extentInside: 822.5454545454545, position.extentAfter: 4227.454545454546, position.atEdge: true, position.outOfRange: false, position.viewportDimension: 822.5454545454545, position.axisDirection: AxisDirection.down
2023-04-12 10:06:12.151 18508-18582/io.flutter.scroll_overlay I/flutter: [kingwei]applyBoundaryConditions value: -6.908780184659065
2023-04-12 10:06:12.151 18508-18582/io.flutter.scroll_overlay I/flutter: [kingwei]applyBoundaryConditions result: Underscroll -6.908780184659065
2023-04-12 10:06:12.156 18508-18582/io.flutter.scroll_overlay I/flutter: [kingwei]applyPhysicsToUserOffset position.pixels: 0.0, position.minScrollExtent: 0.0, position.maxScrollExtent: 4227.454545454546, position.extentBefore: 0.0, position.extentInside: 822.5454545454545, position.extentAfter: 4227.454545454546, position.atEdge: true, position.outOfRange: false, position.viewportDimension: 822.5454545454545, position.axisDirection: AxisDirection.down
2023-04-12 10:06:12.156 18508-18582/io.flutter.scroll_overlay I/flutter: [kingwei]applyPhysicsToUserOffset offset: 6.908824573863626
2023-04-12 10:06:12.156 18508-18582/io.flutter.scroll_overlay I/flutter: [kingwei]applyPhysicsToUserOffset result: 6.908824573863626
2023-04-12 10:06:12.156 18508-18582/io.flutter.scroll_overlay I/flutter: [kingwei]applyBoundaryConditions position.pixels: 0.0, position.minScrollExtent: 0.0, position.maxScrollExtent: 4227.454545454546, position.extentBefore: 0.0, position.extentInside: 822.5454545454545, position.extentAfter: 4227.454545454546, position.atEdge: true, position.outOfRange: false, position.viewportDimension: 822.5454545454545, position.axisDirection: AxisDirection.down
2023-04-12 10:06:12.156 18508-18582/io.flutter.scroll_overlay I/flutter: [kingwei]applyBoundaryConditions value: -6.908824573863626
2023-04-12 10:06:12.156 18508-18582/io.flutter.scroll_overlay I/flutter: [kingwei]applyBoundaryConditions result: Underscroll -6.908824573863626
2023-04-12 10:06:12.162 18508-18582/io.flutter.scroll_overlay I/flutter: [kingwei]applyPhysicsToUserOffset position.pixels: 0.0, position.minScrollExtent: 0.0, position.maxScrollExtent: 4227.454545454546, position.extentBefore: 0.0, position.extentInside: 822.5454545454545, position.extentAfter: 4227.454545454546, position.atEdge: true, position.outOfRange: false, position.viewportDimension: 822.5454545454545, position.axisDirection: AxisDirection.down
2023-04-12 10:06:12.163 18508-18582/io.flutter.scroll_overlay I/flutter: [kingwei]applyPhysicsToUserOffset offset: 7.272416548295439
2023-04-12 10:06:12.163 18508-18582/io.flutter.scroll_overlay I/flutter: [kingwei]applyPhysicsToUserOffset result: 7.272416548295439
2023-04-12 10:06:12.163 18508-18582/io.flutter.scroll_overlay I/flutter: [kingwei]applyBoundaryConditions position.pixels: 0.0, position.minScrollExtent: 0.0, position.maxScrollExtent: 4227.454545454546, position.extentBefore: 0.0, position.extentInside: 822.5454545454545, position.extentAfter: 4227.454545454546, position.atEdge: true, position.outOfRange: false, position.viewportDimension: 822.5454545454545, position.axisDirection: AxisDirection.down
2023-04-12 10:06:12.163 18508-18582/io.flutter.scroll_overlay I/flutter: [kingwei]applyBoundaryConditions value: -7.272416548295439
2023-04-12 10:06:12.163 18508-18582/io.flutter.scroll_overlay I/flutter: [kingwei]applyBoundaryConditions result: Underscroll -7.272416548295439
2023-04-12 10:06:12.169 18508-18582/io.flutter.scroll_overlay I/flutter: [kingwei]applyPhysicsToUserOffset position.pixels: 0.0, position.minScrollExtent: 0.0, position.maxScrollExtent: 4227.454545454546, position.extentBefore: 0.0, position.extentInside: 822.5454545454545, position.extentAfter: 4227.454545454546, position.atEdge: true, position.outOfRange: false, position.viewportDimension: 822.5454545454545, position.axisDirection: AxisDirection.down
2023-04-12 10:06:12.169 18508-18582/io.flutter.scroll_overlay I/flutter: [kingwei]applyPhysicsToUserOffset offset: 8.872336647727252
2023-04-12 10:06:12.169 18508-18582/io.flutter.scroll_overlay I/flutter: [kingwei]applyPhysicsToUserOffset result: 8.872336647727252
2023-04-12 10:06:12.169 18508-18582/io.flutter.scroll_overlay I/flutter: [kingwei]applyBoundaryConditions position.pixels: 0.0, position.minScrollExtent: 0.0, position.maxScrollExtent: 4227.454545454546, position.extentBefore: 0.0, position.extentInside: 822.5454545454545, position.extentAfter: 4227.454545454546, position.atEdge: true, position.outOfRange: false, position.viewportDimension: 822.5454545454545, position.axisDirection: AxisDirection.down
2023-04-12 10:06:12.169 18508-18582/io.flutter.scroll_overlay I/flutter: [kingwei]applyBoundaryConditions value: -8.872336647727252
2023-04-12 10:06:12.169 18508-18582/io.flutter.scroll_overlay I/flutter: [kingwei]applyBoundaryConditions result: Underscroll -8.872336647727252
2023-04-12 10:06:12.174 18508-18582/io.flutter.scroll_overlay I/flutter: [kingwei]applyPhysicsToUserOffset position.pixels: 0.0, position.minScrollExtent: 0.0, position.maxScrollExtent: 4227.454545454546, position.extentBefore: 0.0, position.extentInside: 822.5454545454545, position.extentAfter: 4227.454545454546, position.atEdge: true, position.outOfRange: false, position.viewportDimension: 822.5454545454545, position.axisDirection: AxisDirection.down
2023-04-12 10:06:12.174 18508-18582/io.flutter.scroll_overlay I/flutter: [kingwei]applyPhysicsToUserOffset offset: 9.745072798295439
2023-04-12 10:06:12.174 18508-18582/io.flutter.scroll_overlay I/flutter: [kingwei]applyPhysicsToUserOffset result: 9.745072798295439
2023-04-12 10:06:12.174 18508-18582/io.flutter.scroll_overlay I/flutter: [kingwei]applyBoundaryConditions position.pixels: 0.0, position.minScrollExtent: 0.0, position.maxScrollExtent: 4227.454545454546, position.extentBefore: 0.0, position.extentInside: 822.5454545454545, position.extentAfter: 4227.454545454546, position.atEdge: true, position.outOfRange: false, position.viewportDimension: 822.5454545454545, position.axisDirection: AxisDirection.down
2023-04-12 10:06:12.174 18508-18582/io.flutter.scroll_overlay I/flutter: [kingwei]applyBoundaryConditions value: -9.745072798295439
2023-04-12 10:06:12.174 18508-18582/io.flutter.scroll_overlay I/flutter: [kingwei]applyBoundaryConditions result: Underscroll -9.745072798295439
2023-04-12 10:06:12.180 18508-18582/io.flutter.scroll_overlay I/flutter: [kingwei]applyPhysicsToUserOffset position.pixels: 0.0, position.minScrollExtent: 0.0, position.maxScrollExtent: 4227.454545454546, position.extentBefore: 0.0, position.extentInside: 822.5454545454545, position.extentAfter: 4227.454545454546, position.atEdge: true, position.outOfRange: false, position.viewportDimension: 822.5454545454545, position.axisDirection: AxisDirection.down
2023-04-12 10:06:12.180 18508-18582/io.flutter.scroll_overlay I/flutter: [kingwei]applyPhysicsToUserOffset offset: 10.108664772727252
2023-04-12 10:06:12.180 18508-18582/io.flutter.scroll_overlay I/flutter: [kingwei]applyPhysicsToUserOffset result: 10.108664772727252
2023-04-12 10:06:12.180 18508-18582/io.flutter.scroll_overlay I/flutter: [kingwei]applyBoundaryConditions position.pixels: 0.0, position.minScrollExtent: 0.0, position.maxScrollExtent: 4227.454545454546, position.extentBefore: 0.0, position.extentInside: 822.5454545454545, position.extentAfter: 4227.454545454546, position.atEdge: true, position.outOfRange: false, position.viewportDimension: 822.5454545454545, position.axisDirection: AxisDirection.down
2023-04-12 10:06:12.180 18508-18582/io.flutter.scroll_overlay I/flutter: [kingwei]applyBoundaryConditions value: -10.108664772727252
2023-04-12 10:06:12.180 18508-18582/io.flutter.scroll_overlay I/flutter: [kingwei]applyBoundaryConditions result: Underscroll -10.108664772727252
2023-04-12 10:06:12.186 18508-18582/io.flutter.scroll_overlay I/flutter: [kingwei]applyPhysicsToUserOffset position.pixels: 0.0, position.minScrollExtent: 0.0, position.maxScrollExtent: 4227.454545454546, position.extentBefore: 0.0, position.extentInside: 822.5454545454545, position.extentAfter: 4227.454545454546, position.atEdge: true, position.outOfRange: false, position.viewportDimension: 822.5454545454545, position.axisDirection: AxisDirection.down
2023-04-12 10:06:12.186 18508-18582/io.flutter.scroll_overlay I/flutter: [kingwei]applyPhysicsToUserOffset offset: 10.181374289772748
2023-04-12 10:06:12.186 18508-18582/io.flutter.scroll_overlay I/flutter: [kingwei]applyPhysicsToUserOffset result: 10.181374289772748
2023-04-12 10:06:12.186 18508-18582/io.flutter.scroll_overlay I/flutter: [kingwei]applyBoundaryConditions position.pixels: 0.0, position.minScrollExtent: 0.0, position.maxScrollExtent: 4227.454545454546, position.extentBefore: 0.0, position.extentInside: 822.5454545454545, position.extentAfter: 4227.454545454546, position.atEdge: true, position.outOfRange: false, position.viewportDimension: 822.5454545454545, position.axisDirection: AxisDirection.down
2023-04-12 10:06:12.186 18508-18582/io.flutter.scroll_overlay I/flutter: [kingwei]applyBoundaryConditions value: -10.181374289772748
2023-04-12 10:06:12.186 18508-18582/io.flutter.scroll_overlay I/flutter: [kingwei]applyBoundaryConditions result: Underscroll -10.181374289772748
2023-04-12 10:06:12.191 18508-18582/io.flutter.scroll_overlay I/flutter: [kingwei]applyPhysicsToUserOffset position.pixels: 0.0, position.minScrollExtent: 0.0, position.maxScrollExtent: 4227.454545454546, position.extentBefore: 0.0, position.extentInside: 822.5454545454545, position.extentAfter: 4227.454545454546, position.atEdge: true, position.outOfRange: false, position.viewportDimension: 822.5454545454545, position.axisDirection: AxisDirection.down
2023-04-12 10:06:12.191 18508-18582/io.flutter.scroll_overlay I/flutter: [kingwei]applyPhysicsToUserOffset offset: 10.617764559659065
2023-04-12 10:06:12.191 18508-18582/io.flutter.scroll_overlay I/flutter: [kingwei]applyPhysicsToUserOffset result: 10.617764559659065
2023-04-12 10:06:12.191 18508-18582/io.flutter.scroll_overlay I/flutter: [kingwei]applyBoundaryConditions position.pixels: 0.0, position.minScrollExtent: 0.0, position.maxScrollExtent: 4227.454545454546, position.extentBefore: 0.0, position.extentInside: 822.5454545454545, position.extentAfter: 4227.454545454546, position.atEdge: true, position.outOfRange: false, position.viewportDimension: 822.5454545454545, position.axisDirection: AxisDirection.down
2023-04-12 10:06:12.191 18508-18582/io.flutter.scroll_overlay I/flutter: [kingwei]applyBoundaryConditions value: -10.617764559659065
2023-04-12 10:06:12.191 18508-18582/io.flutter.scroll_overlay I/flutter: [kingwei]applyBoundaryConditions result: Underscroll -10.617764559659065
2023-04-12 10:06:12.197 18508-18582/io.flutter.scroll_overlay I/flutter: [kingwei]applyPhysicsToUserOffset position.pixels: 0.0, position.minScrollExtent: 0.0, position.maxScrollExtent: 4227.454545454546, position.extentBefore: 0.0, position.extentInside: 822.5454545454545, position.extentAfter: 4227.454545454546, position.atEdge: true, position.outOfRange: false, position.viewportDimension: 822.5454545454545, position.axisDirection: AxisDirection.down
2023-04-12 10:06:12.198 18508-18582/io.flutter.scroll_overlay I/flutter: [kingwei]applyPhysicsToUserOffset offset: 12.799449573863626
2023-04-12 10:06:12.198 18508-18582/io.flutter.scroll_overlay I/flutter: [kingwei]applyPhysicsToUserOffset result: 12.799449573863626
2023-04-12 10:06:12.198 18508-18582/io.flutter.scroll_overlay I/flutter: [kingwei]applyBoundaryConditions position.pixels: 0.0, position.minScrollExtent: 0.0, position.maxScrollExtent: 4227.454545454546, position.extentBefore: 0.0, position.extentInside: 822.5454545454545, position.extentAfter: 4227.454545454546, position.atEdge: true, position.outOfRange: false, position.viewportDimension: 822.5454545454545, position.axisDirection: AxisDirection.down
2023-04-12 10:06:12.198 18508-18582/io.flutter.scroll_overlay I/flutter: [kingwei]applyBoundaryConditions value: -12.799449573863626
2023-04-12 10:06:12.198 18508-18582/io.flutter.scroll_overlay I/flutter: [kingwei]applyBoundaryConditions result: Underscroll -12.799449573863626
2023-04-12 10:06:12.204 18508-18582/io.flutter.scroll_overlay I/flutter: [kingwei]applyPhysicsToUserOffset position.pixels: 0.0, position.minScrollExtent: 0.0, position.maxScrollExtent: 4227.454545454546, position.extentBefore: 0.0, position.extentInside: 822.5454545454545, position.extentAfter: 4227.454545454546, position.atEdge: true, position.outOfRange: false, position.viewportDimension: 822.5454545454545, position.axisDirection: AxisDirection.down
2023-04-12 10:06:12.204 18508-18582/io.flutter.scroll_overlay I/flutter: [kingwei]applyPhysicsToUserOffset offset: 12.144975142045439
2023-04-12 10:06:12.204 18508-18582/io.flutter.scroll_overlay I/flutter: [kingwei]applyPhysicsToUserOffset result: 12.144975142045439
2023-04-12 10:06:12.204 18508-18582/io.flutter.scroll_overlay I/flutter: [kingwei]applyBoundaryConditions position.pixels: 0.0, position.minScrollExtent: 0.0, position.maxScrollExtent: 4227.454545454546, position.extentBefore: 0.0, position.extentInside: 822.5454545454545, position.extentAfter: 4227.454545454546, position.atEdge: true, position.outOfRange: false, position.viewportDimension: 822.5454545454545, position.axisDirection: AxisDirection.down
2023-04-12 10:06:12.204 18508-18582/io.flutter.scroll_overlay I/flutter: [kingwei]applyBoundaryConditions value: -12.144975142045439
2023-04-12 10:06:12.204 18508-18582/io.flutter.scroll_overlay I/flutter: [kingwei]applyBoundaryConditions result: Underscroll -12.144975142045439
2023-04-12 10:06:12.210 18508-18582/io.flutter.scroll_overlay I/flutter: [kingwei]applyPhysicsToUserOffset position.pixels: 0.0, position.minScrollExtent: 0.0, position.maxScrollExtent: 4227.454545454546, position.extentBefore: 0.0, position.extentInside: 822.5454545454545, position.extentAfter: 4227.454545454546, position.atEdge: true, position.outOfRange: false, position.viewportDimension: 822.5454545454545, position.axisDirection: AxisDirection.down
2023-04-12 10:06:12.210 18508-18582/io.flutter.scroll_overlay I/flutter: [kingwei]applyPhysicsToUserOffset offset: 11.199529474431813
2023-04-12 10:06:12.210 18508-18582/io.flutter.scroll_overlay I/flutter: [kingwei]applyPhysicsToUserOffset result: 11.199529474431813
2023-04-12 10:06:12.210 18508-18582/io.flutter.scroll_overlay I/flutter: [kingwei]applyBoundaryConditions position.pixels: 0.0, position.minScrollExtent: 0.0, position.maxScrollExtent: 4227.454545454546, position.extentBefore: 0.0, position.extentInside: 822.5454545454545, position.extentAfter: 4227.454545454546, position.atEdge: true, position.outOfRange: false, position.viewportDimension: 822.5454545454545, position.axisDirection: AxisDirection.down
2023-04-12 10:06:12.210 18508-18582/io.flutter.scroll_overlay I/flutter: [kingwei]applyBoundaryConditions value: -11.199529474431813
2023-04-12 10:06:12.210 18508-18582/io.flutter.scroll_overlay I/flutter: [kingwei]applyBoundaryConditions result: Underscroll -11.199529474431813
2023-04-12 10:06:12.215 18508-18582/io.flutter.scroll_overlay I/flutter: [kingwei]applyPhysicsToUserOffset position.pixels: 0.0, position.minScrollExtent: 0.0, position.maxScrollExtent: 4227.454545454546, position.extentBefore: 0.0, position.extentInside: 822.5454545454545, position.extentAfter: 4227.454545454546, position.atEdge: true, position.outOfRange: false, position.viewportDimension: 822.5454545454545, position.axisDirection: AxisDirection.down
2023-04-12 10:06:12.215 18508-18582/io.flutter.scroll_overlay I/flutter: [kingwei]applyPhysicsToUserOffset offset: 11.199529474431813
2023-04-12 10:06:12.215 18508-18582/io.flutter.scroll_overlay I/flutter: [kingwei]applyPhysicsToUserOffset result: 11.199529474431813
2023-04-12 10:06:12.216 18508-18582/io.flutter.scroll_overlay I/flutter: [kingwei]applyBoundaryConditions position.pixels: 0.0, position.minScrollExtent: 0.0, position.maxScrollExtent: 4227.454545454546, position.extentBefore: 0.0, position.extentInside: 822.5454545454545, position.extentAfter: 4227.454545454546, position.atEdge: true, position.outOfRange: false, position.viewportDimension: 822.5454545454545, position.axisDirection: AxisDirection.down
2023-04-12 10:06:12.216 18508-18582/io.flutter.scroll_overlay I/flutter: [kingwei]applyBoundaryConditions value: -11.199529474431813
2023-04-12 10:06:12.216 18508-18582/io.flutter.scroll_overlay I/flutter: [kingwei]applyBoundaryConditions result: Underscroll -11.199529474431813
2023-04-12 10:06:12.221 18508-18582/io.flutter.scroll_overlay I/flutter: [kingwei]applyPhysicsToUserOffset position.pixels: 0.0, position.minScrollExtent: 0.0, position.maxScrollExtent: 4227.454545454546, position.extentBefore: 0.0, position.extentInside: 822.5454545454545, position.extentAfter: 4227.454545454546, position.atEdge: true, position.outOfRange: false, position.viewportDimension: 822.5454545454545, position.axisDirection: AxisDirection.down
2023-04-12 10:06:12.221 18508-18582/io.flutter.scroll_overlay I/flutter: [kingwei]applyPhysicsToUserOffset offset: 11.854048295454561
2023-04-12 10:06:12.221 18508-18582/io.flutter.scroll_overlay I/flutter: [kingwei]applyPhysicsToUserOffset result: 11.854048295454561
2023-04-12 10:06:12.221 18508-18582/io.flutter.scroll_overlay I/flutter: [kingwei]applyBoundaryConditions position.pixels: 0.0, position.minScrollExtent: 0.0, position.maxScrollExtent: 4227.454545454546, position.extentBefore: 0.0, position.extentInside: 822.5454545454545, position.extentAfter: 4227.454545454546, position.atEdge: true, position.outOfRange: false, position.viewportDimension: 822.5454545454545, position.axisDirection: AxisDirection.down
2023-04-12 10:06:12.221 18508-18582/io.flutter.scroll_overlay I/flutter: [kingwei]applyBoundaryConditions value: -11.854048295454561
2023-04-12 10:06:12.221 18508-18582/io.flutter.scroll_overlay I/flutter: [kingwei]applyBoundaryConditions result: Underscroll -11.854048295454561
2023-04-12 10:06:12.227 18508-18582/io.flutter.scroll_overlay I/flutter: [kingwei]applyPhysicsToUserOffset position.pixels: 0.0, position.minScrollExtent: 0.0, position.maxScrollExtent: 4227.454545454546, position.extentBefore: 0.0, position.extentInside: 822.5454545454545, position.extentAfter: 4227.454545454546, position.atEdge: true, position.outOfRange: false, position.viewportDimension: 822.5454545454545, position.axisDirection: AxisDirection.down
2023-04-12 10:06:12.227 18508-18582/io.flutter.scroll_overlay I/flutter: [kingwei]applyPhysicsToUserOffset offset: 11.563165838068187
2023-04-12 10:06:12.227 18508-18582/io.flutter.scroll_overlay I/flutter: [kingwei]applyPhysicsToUserOffset result: 11.563165838068187
2023-04-12 10:06:12.227 18508-18582/io.flutter.scroll_overlay I/flutter: [kingwei]applyBoundaryConditions position.pixels: 0.0, position.minScrollExtent: 0.0, position.maxScrollExtent: 4227.454545454546, position.extentBefore: 0.0, position.extentInside: 822.5454545454545, position.extentAfter: 4227.454545454546, position.atEdge: true, position.outOfRange: false, position.viewportDimension: 822.5454545454545, position.axisDirection: AxisDirection.down
2023-04-12 10:06:12.227 18508-18582/io.flutter.scroll_overlay I/flutter: [kingwei]applyBoundaryConditions value: -11.563165838068187
2023-04-12 10:06:12.227 18508-18582/io.flutter.scroll_overlay I/flutter: [kingwei]applyBoundaryConditions result: Underscroll -11.563165838068187
2023-04-12 10:06:12.234 18508-18582/io.flutter.scroll_overlay I/flutter: [kingwei]applyPhysicsToUserOffset position.pixels: 0.0, position.minScrollExtent: 0.0, position.maxScrollExtent: 4227.454545454546, position.extentBefore: 0.0, position.extentInside: 822.5454545454545, position.extentAfter: 4227.454545454546, position.atEdge: true, position.outOfRange: false, position.viewportDimension: 822.5454545454545, position.axisDirection: AxisDirection.down
2023-04-12 10:06:12.234 18508-18582/io.flutter.scroll_overlay I/flutter: [kingwei]applyPhysicsToUserOffset offset: 11.49041193181813
2023-04-12 10:06:12.234 18508-18582/io.flutter.scroll_overlay I/flutter: [kingwei]applyPhysicsToUserOffset result: 11.49041193181813
2023-04-12 10:06:12.234 18508-18582/io.flutter.scroll_overlay I/flutter: [kingwei]applyBoundaryConditions position.pixels: 0.0, position.minScrollExtent: 0.0, position.maxScrollExtent: 4227.454545454546, position.extentBefore: 0.0, position.extentInside: 822.5454545454545, position.extentAfter: 4227.454545454546, position.atEdge: true, position.outOfRange: false, position.viewportDimension: 822.5454545454545, position.axisDirection: AxisDirection.down
2023-04-12 10:06:12.234 18508-18582/io.flutter.scroll_overlay I/flutter: [kingwei]applyBoundaryConditions value: -11.49041193181813
2023-04-12 10:06:12.234 18508-18582/io.flutter.scroll_overlay I/flutter: [kingwei]applyBoundaryConditions result: Underscroll -11.49041193181813
2023-04-12 10:06:12.239 18508-18582/io.flutter.scroll_overlay I/flutter: [kingwei]applyPhysicsToUserOffset position.pixels: 0.0, position.minScrollExtent: 0.0, position.maxScrollExtent: 4227.454545454546, position.extentBefore: 0.0, position.extentInside: 822.5454545454545, position.extentAfter: 4227.454545454546, position.atEdge: true, position.outOfRange: false, position.viewportDimension: 822.5454545454545, position.axisDirection: AxisDirection.down
2023-04-12 10:06:12.239 18508-18582/io.flutter.scroll_overlay I/flutter: [kingwei]applyPhysicsToUserOffset offset: 11.126819957386374
2023-04-12 10:06:12.239 18508-18582/io.flutter.scroll_overlay I/flutter: [kingwei]applyPhysicsToUserOffset result: 11.126819957386374
2023-04-12 10:06:12.239 18508-18582/io.flutter.scroll_overlay I/flutter: [kingwei]applyBoundaryConditions position.pixels: 0.0, position.minScrollExtent: 0.0, position.maxScrollExtent: 4227.454545454546, position.extentBefore: 0.0, position.extentInside: 822.5454545454545, position.extentAfter: 4227.454545454546, position.atEdge: true, position.outOfRange: false, position.viewportDimension: 822.5454545454545, position.axisDirection: AxisDirection.down
2023-04-12 10:06:12.239 18508-18582/io.flutter.scroll_overlay I/flutter: [kingwei]applyBoundaryConditions value: -11.126819957386374
2023-04-12 10:06:12.239 18508-18582/io.flutter.scroll_overlay I/flutter: [kingwei]applyBoundaryConditions result: Underscroll -11.126819957386374
2023-04-12 10:06:12.245 18508-18582/io.flutter.scroll_overlay I/flutter: [kingwei]applyPhysicsToUserOffset position.pixels: 0.0, position.minScrollExtent: 0.0, position.maxScrollExtent: 4227.454545454546, position.extentBefore: 0.0, position.extentInside: 822.5454545454545, position.extentAfter: 4227.454545454546, position.atEdge: true, position.outOfRange: false, position.viewportDimension: 822.5454545454545, position.axisDirection: AxisDirection.down
2023-04-12 10:06:12.245 18508-18582/io.flutter.scroll_overlay I/flutter: [kingwei]applyPhysicsToUserOffset offset: 8.872336647727252
2023-04-12 10:06:12.245 18508-18582/io.flutter.scroll_overlay I/flutter: [kingwei]applyPhysicsToUserOffset result: 8.872336647727252
2023-04-12 10:06:12.245 18508-18582/io.flutter.scroll_overlay I/flutter: [kingwei]applyBoundaryConditions position.pixels: 0.0, position.minScrollExtent: 0.0, position.maxScrollExtent: 4227.454545454546, position.extentBefore: 0.0, position.extentInside: 822.5454545454545, position.extentAfter: 4227.454545454546, position.atEdge: true, position.outOfRange: false, position.viewportDimension: 822.5454545454545, position.axisDirection: AxisDirection.down
2023-04-12 10:06:12.245 18508-18582/io.flutter.scroll_overlay I/flutter: [kingwei]applyBoundaryConditions value: -8.872336647727252
2023-04-12 10:06:12.245 18508-18582/io.flutter.scroll_overlay I/flutter: [kingwei]applyBoundaryConditions result: Underscroll -8.872336647727252
2023-04-12 10:06:12.251 18508-18582/io.flutter.scroll_overlay I/flutter: [kingwei]applyPhysicsToUserOffset position.pixels: 0.0, position.minScrollExtent: 0.0, position.maxScrollExtent: 4227.454545454546, position.extentBefore: 0.0, position.extentInside: 822.5454545454545, position.extentAfter: 4227.454545454546, position.atEdge: true, position.outOfRange: false, position.viewportDimension: 822.5454545454545, position.axisDirection: AxisDirection.down
2023-04-12 10:06:12.251 18508-18582/io.flutter.scroll_overlay I/flutter: [kingwei]applyPhysicsToUserOffset offset: 9.308726917613626
2023-04-12 10:06:12.251 18508-18582/io.flutter.scroll_overlay I/flutter: [kingwei]applyPhysicsToUserOffset result: 9.308726917613626
2023-04-12 10:06:12.251 18508-18582/io.flutter.scroll_overlay I/flutter: [kingwei]applyBoundaryConditions position.pixels: 0.0, position.minScrollExtent: 0.0, position.maxScrollExtent: 4227.454545454546, position.extentBefore: 0.0, position.extentInside: 822.5454545454545, position.extentAfter: 4227.454545454546, position.atEdge: true, position.outOfRange: false, position.viewportDimension: 822.5454545454545, position.axisDirection: AxisDirection.down
2023-04-12 10:06:12.251 18508-18582/io.flutter.scroll_overlay I/flutter: [kingwei]applyBoundaryConditions value: -9.308726917613626
2023-04-12 10:06:12.251 18508-18582/io.flutter.scroll_overlay I/flutter: [kingwei]applyBoundaryConditions result: Underscroll -9.308726917613626
2023-04-12 10:06:12.257 18508-18582/io.flutter.scroll_overlay I/flutter: [kingwei]applyPhysicsToUserOffset position.pixels: 0.0, position.minScrollExtent: 0.0, position.maxScrollExtent: 4227.454545454546, position.extentBefore: 0.0, position.extentInside: 822.5454545454545, position.extentAfter: 4227.454545454546, position.atEdge: true, position.outOfRange: false, position.viewportDimension: 822.5454545454545, position.axisDirection: AxisDirection.down
2023-04-12 10:06:12.257 18508-18582/io.flutter.scroll_overlay I/flutter: [kingwei]applyPhysicsToUserOffset offset: 9.599609375
2023-04-12 10:06:12.257 18508-18582/io.flutter.scroll_overlay I/flutter: [kingwei]applyPhysicsToUserOffset result: 9.599609375
2023-04-12 10:06:12.257 18508-18582/io.flutter.scroll_overlay I/flutter: [kingwei]applyBoundaryConditions position.pixels: 0.0, position.minScrollExtent: 0.0, position.maxScrollExtent: 4227.454545454546, position.extentBefore: 0.0, position.extentInside: 822.5454545454545, position.extentAfter: 4227.454545454546, position.atEdge: true, position.outOfRange: false, position.viewportDimension: 822.5454545454545, position.axisDirection: AxisDirection.down
2023-04-12 10:06:12.257 18508-18582/io.flutter.scroll_overlay I/flutter: [kingwei]applyBoundaryConditions value: -9.599609375
2023-04-12 10:06:12.257 18508-18582/io.flutter.scroll_overlay I/flutter: [kingwei]applyBoundaryConditions result: Underscroll -9.599609375
2023-04-12 10:06:12.262 18508-18582/io.flutter.scroll_overlay I/flutter: [kingwei]applyPhysicsToUserOffset position.pixels: 0.0, position.minScrollExtent: 0.0, position.maxScrollExtent: 4227.454545454546, position.extentBefore: 0.0, position.extentInside: 822.5454545454545, position.extentAfter: 4227.454545454546, position.atEdge: true, position.outOfRange: false, position.viewportDimension: 822.5454545454545, position.axisDirection: AxisDirection.down
2023-04-12 10:06:12.263 18508-18582/io.flutter.scroll_overlay I/flutter: [kingwei]applyPhysicsToUserOffset offset: 10.25408380681813
2023-04-12 10:06:12.263 18508-18582/io.flutter.scroll_overlay I/flutter: [kingwei]applyPhysicsToUserOffset result: 10.25408380681813
2023-04-12 10:06:12.263 18508-18582/io.flutter.scroll_overlay I/flutter: [kingwei]applyBoundaryConditions position.pixels: 0.0, position.minScrollExtent: 0.0, position.maxScrollExtent: 4227.454545454546, position.extentBefore: 0.0, position.extentInside: 822.5454545454545, position.extentAfter: 4227.454545454546, position.atEdge: true, position.outOfRange: false, position.viewportDimension: 822.5454545454545, position.axisDirection: AxisDirection.down
2023-04-12 10:06:12.263 18508-18582/io.flutter.scroll_overlay I/flutter: [kingwei]applyBoundaryConditions value: -10.25408380681813
2023-04-12 10:06:12.263 18508-18582/io.flutter.scroll_overlay I/flutter: [kingwei]applyBoundaryConditions result: Underscroll -10.25408380681813
2023-04-12 10:06:12.269 18508-18582/io.flutter.scroll_overlay I/flutter: [kingwei]applyPhysicsToUserOffset position.pixels: 0.0, position.minScrollExtent: 0.0, position.maxScrollExtent: 4227.454545454546, position.extentBefore: 0.0, position.extentInside: 822.5454545454545, position.extentAfter: 4227.454545454546, position.atEdge: true, position.outOfRange: false, position.viewportDimension: 822.5454545454545, position.axisDirection: AxisDirection.down
2023-04-12 10:06:12.269 18508-18582/io.flutter.scroll_overlay I/flutter: [kingwei]applyPhysicsToUserOffset offset: 11.781338778409122
2023-04-12 10:06:12.269 18508-18582/io.flutter.scroll_overlay I/flutter: [kingwei]applyPhysicsToUserOffset result: 11.781338778409122
2023-04-12 10:06:12.269 18508-18582/io.flutter.scroll_overlay I/flutter: [kingwei]applyBoundaryConditions position.pixels: 0.0, position.minScrollExtent: 0.0, position.maxScrollExtent: 4227.454545454546, position.extentBefore: 0.0, position.extentInside: 822.5454545454545, position.extentAfter: 4227.454545454546, position.atEdge: true, position.outOfRange: false, position.viewportDimension: 822.5454545454545, position.axisDirection: AxisDirection.down
2023-04-12 10:06:12.269 18508-18582/io.flutter.scroll_overlay I/flutter: [kingwei]applyBoundaryConditions value: -11.781338778409122
2023-04-12 10:06:12.269 18508-18582/io.flutter.scroll_overlay I/flutter: [kingwei]applyBoundaryConditions result: Underscroll -11.781338778409122
2023-04-12 10:06:12.276 18508-18582/io.flutter.scroll_overlay I/flutter: [kingwei]applyPhysicsToUserOffset position.pixels: 0.0, position.minScrollExtent: 0.0, position.maxScrollExtent: 4227.454545454546, position.extentBefore: 0.0, position.extentInside: 822.5454545454545, position.extentAfter: 4227.454545454546, position.atEdge: true, position.outOfRange: false, position.viewportDimension: 822.5454545454545, position.axisDirection: AxisDirection.down
2023-04-12 10:06:12.276 18508-18582/io.flutter.scroll_overlay I/flutter: [kingwei]applyPhysicsToUserOffset offset: 11.708629261363626
2023-04-12 10:06:12.276 18508-18582/io.flutter.scroll_overlay I/flutter: [kingwei]applyPhysicsToUserOffset result: 11.708629261363626
2023-04-12 10:06:12.276 18508-18582/io.flutter.scroll_overlay I/flutter: [kingwei]applyBoundaryConditions position.pixels: 0.0, position.minScrollExtent: 0.0, position.maxScrollExtent: 4227.454545454546, position.extentBefore: 0.0, position.extentInside: 822.5454545454545, position.extentAfter: 4227.454545454546, position.atEdge: true, position.outOfRange: false, position.viewportDimension: 822.5454545454545, position.axisDirection: AxisDirection.down
2023-04-12 10:06:12.276 18508-18582/io.flutter.scroll_overlay I/flutter: [kingwei]applyBoundaryConditions value: -11.708629261363626
2023-04-12 10:06:12.276 18508-18582/io.flutter.scroll_overlay I/flutter: [kingwei]applyBoundaryConditions result: Underscroll -11.708629261363626
2023-04-12 10:06:12.281 18508-18582/io.flutter.scroll_overlay I/flutter: [kingwei]applyPhysicsToUserOffset position.pixels: 0.0, position.minScrollExtent: 0.0, position.maxScrollExtent: 4227.454545454546, position.extentBefore: 0.0, position.extentInside: 822.5454545454545, position.extentAfter: 4227.454545454546, position.atEdge: true, position.outOfRange: false, position.viewportDimension: 822.5454545454545, position.axisDirection: AxisDirection.down
2023-04-12 10:06:12.281 18508-18582/io.flutter.scroll_overlay I/flutter: [kingwei]applyPhysicsToUserOffset offset: 13.52667791193187
2023-04-12 10:06:12.281 18508-18582/io.flutter.scroll_overlay I/flutter: [kingwei]applyPhysicsToUserOffset result: 13.52667791193187
2023-04-12 10:06:12.281 18508-18582/io.flutter.scroll_overlay I/flutter: [kingwei]applyBoundaryConditions position.pixels: 0.0, position.minScrollExtent: 0.0, position.maxScrollExtent: 4227.454545454546, position.extentBefore: 0.0, position.extentInside: 822.5454545454545, position.extentAfter: 4227.454545454546, position.atEdge: true, position.outOfRange: false, position.viewportDimension: 822.5454545454545, position.axisDirection: AxisDirection.down
2023-04-12 10:06:12.281 18508-18582/io.flutter.scroll_overlay I/flutter: [kingwei]applyBoundaryConditions value: -13.52667791193187
2023-04-12 10:06:12.281 18508-18582/io.flutter.scroll_overlay I/flutter: [kingwei]applyBoundaryConditions result: Underscroll -13.52667791193187
2023-04-12 10:06:12.287 18508-18582/io.flutter.scroll_overlay I/flutter: [kingwei]applyPhysicsToUserOffset position.pixels: 0.0, position.minScrollExtent: 0.0, position.maxScrollExtent: 4227.454545454546, position.extentBefore: 0.0, position.extentInside: 822.5454545454545, position.extentAfter: 4227.454545454546, position.atEdge: true, position.outOfRange: false, position.viewportDimension: 822.5454545454545, position.axisDirection: AxisDirection.down
2023-04-12 10:06:12.287 18508-18582/io.flutter.scroll_overlay I/flutter: [kingwei]applyPhysicsToUserOffset offset: 15.053932883522748
2023-04-12 10:06:12.287 18508-18582/io.flutter.scroll_overlay I/flutter: [kingwei]applyPhysicsToUserOffset result: 15.053932883522748
2023-04-12 10:06:12.287 18508-18582/io.flutter.scroll_overlay I/flutter: [kingwei]applyBoundaryConditions position.pixels: 0.0, position.minScrollExtent: 0.0, position.maxScrollExtent: 4227.454545454546, position.extentBefore: 0.0, position.extentInside: 822.5454545454545, position.extentAfter: 4227.454545454546, position.atEdge: true, position.outOfRange: false, position.viewportDimension: 822.5454545454545, position.axisDirection: AxisDirection.down
2023-04-12 10:06:12.287 18508-18582/io.flutter.scroll_overlay I/flutter: [kingwei]applyBoundaryConditions value: -15.053932883522748
2023-04-12 10:06:12.287 18508-18582/io.flutter.scroll_overlay I/flutter: [kingwei]applyBoundaryConditions result: Underscroll -15.053932883522748
2023-04-12 10:06:12.292 18508-18582/io.flutter.scroll_overlay I/flutter: [kingwei]applyPhysicsToUserOffset position.pixels: 0.0, position.minScrollExtent: 0.0, position.maxScrollExtent: 4227.454545454546, position.extentBefore: 0.0, position.extentInside: 822.5454545454545, position.extentAfter: 4227.454545454546, position.atEdge: true, position.outOfRange: false, position.viewportDimension: 822.5454545454545, position.axisDirection: AxisDirection.down
2023-04-12 10:06:12.293 18508-18582/io.flutter.scroll_overlay I/flutter: [kingwei]applyPhysicsToUserOffset offset: 17.308371803977252
2023-04-12 10:06:12.293 18508-18582/io.flutter.scroll_overlay I/flutter: [kingwei]applyPhysicsToUserOffset result: 17.308371803977252
2023-04-12 10:06:12.293 18508-18582/io.flutter.scroll_overlay I/flutter: [kingwei]applyBoundaryConditions position.pixels: 0.0, position.minScrollExtent: 0.0, position.maxScrollExtent: 4227.454545454546, position.extentBefore: 0.0, position.extentInside: 822.5454545454545, position.extentAfter: 4227.454545454546, position.atEdge: true, position.outOfRange: false, position.viewportDimension: 822.5454545454545, position.axisDirection: AxisDirection.down
2023-04-12 10:06:12.293 18508-18582/io.flutter.scroll_overlay I/flutter: [kingwei]applyBoundaryConditions value: -17.308371803977252
2023-04-12 10:06:12.293 18508-18582/io.flutter.scroll_overlay I/flutter: [kingwei]applyBoundaryConditions result: Underscroll -17.308371803977252
2023-04-12 10:06:12.298 18508-18582/io.flutter.scroll_overlay I/flutter: [kingwei]applyPhysicsToUserOffset position.pixels: 0.0, position.minScrollExtent: 0.0, position.maxScrollExtent: 4227.454545454546, position.extentBefore: 0.0, position.extentInside: 822.5454545454545, position.extentAfter: 4227.454545454546, position.atEdge: true, position.outOfRange: false, position.viewportDimension: 822.5454545454545, position.axisDirection: AxisDirection.down
2023-04-12 10:06:12.298 18508-18582/io.flutter.scroll_overlay I/flutter: [kingwei]applyPhysicsToUserOffset offset: 15.708451704545496
2023-04-12 10:06:12.298 18508-18582/io.flutter.scroll_overlay I/flutter: [kingwei]applyPhysicsToUserOffset result: 15.708451704545496
2023-04-12 10:06:12.298 18508-18582/io.flutter.scroll_overlay I/flutter: [kingwei]applyBoundaryConditions position.pixels: 0.0, position.minScrollExtent: 0.0, position.maxScrollExtent: 4227.454545454546, position.extentBefore: 0.0, position.extentInside: 822.5454545454545, position.extentAfter: 4227.454545454546, position.atEdge: true, position.outOfRange: false, position.viewportDimension: 822.5454545454545, position.axisDirection: AxisDirection.down
2023-04-12 10:06:12.298 18508-18582/io.flutter.scroll_overlay I/flutter: [kingwei]applyBoundaryConditions value: -15.708451704545496
2023-04-12 10:06:12.298 18508-18582/io.flutter.scroll_overlay I/flutter: [kingwei]applyBoundaryConditions result: Underscroll -15.708451704545496
2023-04-12 10:06:12.323 18508-18582/io.flutter.scroll_overlay I/flutter: [kingwei]applyBoundaryConditions position.pixels: 0.0, position.minScrollExtent: 0.0, position.maxScrollExtent: 4227.454545454546, position.extentBefore: 0.0, position.extentInside: 822.5454545454545, position.extentAfter: 4227.454545454546, position.atEdge: true, position.outOfRange: false, position.viewportDimension: 822.5454545454545, position.axisDirection: AxisDirection.down
2023-04-12 10:06:12.323 18508-18582/io.flutter.scroll_overlay I/flutter: [kingwei]applyBoundaryConditions value: -17.02535518020366
2023-04-12 10:06:12.323 18508-18582/io.flutter.scroll_overlay I/flutter: [kingwei]applyBoundaryConditions result: Underscroll -17.02535518020366
2023-04-12 10:06:17.710 18508-18582/io.flutter.scroll_overlay I/flutter: [kingwei]applyPhysicsToUserOffset position.pixels: 0.0, position.minScrollExtent: 0.0, position.maxScrollExtent: 4227.454545454546, position.extentBefore: 0.0, position.extentInside: 822.5454545454545, position.extentAfter: 4227.454545454546, position.atEdge: true, position.outOfRange: false, position.viewportDimension: 822.5454545454545, position.axisDirection: AxisDirection.down
2023-04-12 10:06:17.711 18508-18582/io.flutter.scroll_overlay I/flutter: [kingwei]applyPhysicsToUserOffset offset: 1.1666666666666667
2023-04-12 10:06:17.711 18508-18582/io.flutter.scroll_overlay I/flutter: [kingwei]applyPhysicsToUserOffset result: 1.1666666666666667
2023-04-12 10:06:17.711 18508-18582/io.flutter.scroll_overlay I/flutter: [kingwei]applyBoundaryConditions position.pixels: 0.0, position.minScrollExtent: 0.0, position.maxScrollExtent: 4227.454545454546, position.extentBefore: 0.0, position.extentInside: 822.5454545454545, position.extentAfter: 4227.454545454546, position.atEdge: true, position.outOfRange: false, position.viewportDimension: 822.5454545454545, position.axisDirection: AxisDirection.down
2023-04-12 10:06:17.711 18508-18582/io.flutter.scroll_overlay I/flutter: [kingwei]applyBoundaryConditions value: -1.1666666666666667
2023-04-12 10:06:17.711 18508-18582/io.flutter.scroll_overlay I/flutter: [kingwei]applyBoundaryConditions result: Underscroll -1.1666666666666667
2023-04-12 10:06:17.717 18508-18582/io.flutter.scroll_overlay I/flutter: [kingwei]applyPhysicsToUserOffset position.pixels: 0.0, position.minScrollExtent: 0.0, position.maxScrollExtent: 4227.454545454546, position.extentBefore: 0.0, position.extentInside: 822.5454545454545, position.extentAfter: 4227.454545454546, position.atEdge: true, position.outOfRange: false, position.viewportDimension: 822.5454545454545, position.axisDirection: AxisDirection.down
2023-04-12 10:06:17.717 18508-18582/io.flutter.scroll_overlay I/flutter: [kingwei]applyPhysicsToUserOffset offset: 4.872514204545439
2023-04-12 10:06:17.717 18508-18582/io.flutter.scroll_overlay I/flutter: [kingwei]applyPhysicsToUserOffset result: 4.872514204545439
2023-04-12 10:06:17.717 18508-18582/io.flutter.scroll_overlay I/flutter: [kingwei]applyBoundaryConditions position.pixels: 0.0, position.minScrollExtent: 0.0, position.maxScrollExtent: 4227.454545454546, position.extentBefore: 0.0, position.extentInside: 822.5454545454545, position.extentAfter: 4227.454545454546, position.atEdge: true, position.outOfRange: false, position.viewportDimension: 822.5454545454545, position.axisDirection: AxisDirection.down
2023-04-12 10:06:17.717 18508-18582/io.flutter.scroll_overlay I/flutter: [kingwei]applyBoundaryConditions value: -4.872514204545439
2023-04-12 10:06:17.717 18508-18582/io.flutter.scroll_overlay I/flutter: [kingwei]applyBoundaryConditions result: Underscroll -4.872514204545439
2023-04-12 10:06:17.721 18508-18582/io.flutter.scroll_overlay I/flutter: [kingwei]applyPhysicsToUserOffset position.pixels: 0.0, position.minScrollExtent: 0.0, position.maxScrollExtent: 4227.454545454546, position.extentBefore: 0.0, position.extentInside: 822.5454545454545, position.extentAfter: 4227.454545454546, position.atEdge: true, position.outOfRange: false, position.viewportDimension: 822.5454545454545, position.axisDirection: AxisDirection.down
2023-04-12 10:06:17.721 18508-18582/io.flutter.scroll_overlay I/flutter: [kingwei]applyPhysicsToUserOffset offset: 6.472456498579561
2023-04-12 10:06:17.721 18508-18582/io.flutter.scroll_overlay I/flutter: [kingwei]applyPhysicsToUserOffset result: 6.472456498579561
2023-04-12 10:06:17.721 18508-18582/io.flutter.scroll_overlay I/flutter: [kingwei]applyBoundaryConditions position.pixels: 0.0, position.minScrollExtent: 0.0, position.maxScrollExtent: 4227.454545454546, position.extentBefore: 0.0, position.extentInside: 822.5454545454545, position.extentAfter: 4227.454545454546, position.atEdge: true, position.outOfRange: false, position.viewportDimension: 822.5454545454545, position.axisDirection: AxisDirection.down
2023-04-12 10:06:17.721 18508-18582/io.flutter.scroll_overlay I/flutter: [kingwei]applyBoundaryConditions value: -6.472456498579561
2023-04-12 10:06:17.721 18508-18582/io.flutter.scroll_overlay I/flutter: [kingwei]applyBoundaryConditions result: Underscroll -6.472456498579561
2023-04-12 10:06:17.726 18508-18582/io.flutter.scroll_overlay I/flutter: [kingwei]applyPhysicsToUserOffset position.pixels: 0.0, position.minScrollExtent: 0.0, position.maxScrollExtent: 4227.454545454546, position.extentBefore: 0.0, position.extentInside: 822.5454545454545, position.extentAfter: 4227.454545454546, position.atEdge: true, position.outOfRange: false, position.viewportDimension: 822.5454545454545, position.axisDirection: AxisDirection.down
2023-04-12 10:06:17.726 18508-18582/io.flutter.scroll_overlay I/flutter: [kingwei]applyPhysicsToUserOffset offset: 7.708762428977252
2023-04-12 10:06:17.726 18508-18582/io.flutter.scroll_overlay I/flutter: [kingwei]applyPhysicsToUserOffset result: 7.708762428977252
2023-04-12 10:06:17.726 18508-18582/io.flutter.scroll_overlay I/flutter: [kingwei]applyBoundaryConditions position.pixels: 0.0, position.minScrollExtent: 0.0, position.maxScrollExtent: 4227.454545454546, position.extentBefore: 0.0, position.extentInside: 822.5454545454545, position.extentAfter: 4227.454545454546, position.atEdge: true, position.outOfRange: false, position.viewportDimension: 822.5454545454545, position.axisDirection: AxisDirection.down
2023-04-12 10:06:17.726 18508-18582/io.flutter.scroll_overlay I/flutter: [kingwei]applyBoundaryConditions value: -7.708762428977252
2023-04-12 10:06:17.726 18508-18582/io.flutter.scroll_overlay I/flutter: [kingwei]applyBoundaryConditions result: Underscroll -7.708762428977252
2023-04-12 10:06:17.732 18508-18582/io.flutter.scroll_overlay I/flutter: [kingwei]applyPhysicsToUserOffset position.pixels: 0.0, position.minScrollExtent: 0.0, position.maxScrollExtent: 4227.454545454546, position.extentBefore: 0.0, position.extentInside: 822.5454545454545, position.extentAfter: 4227.454545454546, position.atEdge: true, position.outOfRange: false, position.viewportDimension: 822.5454545454545, position.axisDirection: AxisDirection.down
2023-04-12 10:06:17.732 18508-18582/io.flutter.scroll_overlay I/flutter: [kingwei]applyPhysicsToUserOffset offset: 7.781516335227252
2023-04-12 10:06:17.732 18508-18582/io.flutter.scroll_overlay I/flutter: [kingwei]applyPhysicsToUserOffset result: 7.781516335227252
2023-04-12 10:06:17.732 18508-18582/io.flutter.scroll_overlay I/flutter: [kingwei]applyBoundaryConditions position.pixels: 0.0, position.minScrollExtent: 0.0, position.maxScrollExtent: 4227.454545454546, position.extentBefore: 0.0, position.extentInside: 822.5454545454545, position.extentAfter: 4227.454545454546, position.atEdge: true, position.outOfRange: false, position.viewportDimension: 822.5454545454545, position.axisDirection: AxisDirection.down
2023-04-12 10:06:17.732 18508-18582/io.flutter.scroll_overlay I/flutter: [kingwei]applyBoundaryConditions value: -7.781516335227252
2023-04-12 10:06:17.732 18508-18582/io.flutter.scroll_overlay I/flutter: [kingwei]applyBoundaryConditions result: Underscroll -7.781516335227252
2023-04-12 10:06:17.739 18508-18582/io.flutter.scroll_overlay I/flutter: [kingwei]applyPhysicsToUserOffset position.pixels: 0.0, position.minScrollExtent: 0.0, position.maxScrollExtent: 4227.454545454546, position.extentBefore: 0.0, position.extentInside: 822.5454545454545, position.extentAfter: 4227.454545454546, position.atEdge: true, position.outOfRange: false, position.viewportDimension: 822.5454545454545, position.axisDirection: AxisDirection.down
2023-04-12 10:06:17.739 18508-18582/io.flutter.scroll_overlay I/flutter: [kingwei]applyPhysicsToUserOffset offset: 8.945090553977252
2023-04-12 10:06:17.739 18508-18582/io.flutter.scroll_overlay I/flutter: [kingwei]applyPhysicsToUserOffset result: 8.945090553977252
2023-04-12 10:06:17.739 18508-18582/io.flutter.scroll_overlay I/flutter: [kingwei]applyBoundaryConditions position.pixels: 0.0, position.minScrollExtent: 0.0, position.maxScrollExtent: 4227.454545454546, position.extentBefore: 0.0, position.extentInside: 822.5454545454545, position.extentAfter: 4227.454545454546, position.atEdge: true, position.outOfRange: false, position.viewportDimension: 822.5454545454545, position.axisDirection: AxisDirection.down
2023-04-12 10:06:17.739 18508-18582/io.flutter.scroll_overlay I/flutter: [kingwei]applyBoundaryConditions value: -8.945090553977252
2023-04-12 10:06:17.739 18508-18582/io.flutter.scroll_overlay I/flutter: [kingwei]applyBoundaryConditions result: Underscroll -8.945090553977252
2023-04-12 10:06:17.744 18508-18582/io.flutter.scroll_overlay I/flutter: [kingwei]applyPhysicsToUserOffset position.pixels: 0.0, position.minScrollExtent: 0.0, position.maxScrollExtent: 4227.454545454546, position.extentBefore: 0.0, position.extentInside: 822.5454545454545, position.extentAfter: 4227.454545454546, position.atEdge: true, position.outOfRange: false, position.viewportDimension: 822.5454545454545, position.axisDirection: AxisDirection.down
2023-04-12 10:06:17.744 18508-18582/io.flutter.scroll_overlay I/flutter: [kingwei]applyPhysicsToUserOffset offset: 9.817737926136374
2023-04-12 10:06:17.744 18508-18582/io.flutter.scroll_overlay I/flutter: [kingwei]applyPhysicsToUserOffset result: 9.817737926136374
2023-04-12 10:06:17.744 18508-18582/io.flutter.scroll_overlay I/flutter: [kingwei]applyBoundaryConditions position.pixels: 0.0, position.minScrollExtent: 0.0, position.maxScrollExtent: 4227.454545454546, position.extentBefore: 0.0, position.extentInside: 822.5454545454545, position.extentAfter: 4227.454545454546, position.atEdge: true, position.outOfRange: false, position.viewportDimension: 822.5454545454545, position.axisDirection: AxisDirection.down
2023-04-12 10:06:17.744 18508-18582/io.flutter.scroll_overlay I/flutter: [kingwei]applyBoundaryConditions value: -9.817737926136374
2023-04-12 10:06:17.744 18508-18582/io.flutter.scroll_overlay I/flutter: [kingwei]applyBoundaryConditions result: Underscroll -9.817737926136374
2023-04-12 10:06:17.750 18508-18582/io.flutter.scroll_overlay I/flutter: [kingwei]applyPhysicsToUserOffset position.pixels: 0.0, position.minScrollExtent: 0.0, position.maxScrollExtent: 4227.454545454546, position.extentBefore: 0.0, position.extentInside: 822.5454545454545, position.extentAfter: 4227.454545454546, position.atEdge: true, position.outOfRange: false, position.viewportDimension: 822.5454545454545, position.axisDirection: AxisDirection.down
2023-04-12 10:06:17.750 18508-18582/io.flutter.scroll_overlay I/flutter: [kingwei]applyPhysicsToUserOffset offset: 9.599609375
2023-04-12 10:06:17.750 18508-18582/io.flutter.scroll_overlay I/flutter: [kingwei]applyPhysicsToUserOffset result: 9.599609375
2023-04-12 10:06:17.750 18508-18582/io.flutter.scroll_overlay I/flutter: [kingwei]applyBoundaryConditions position.pixels: 0.0, position.minScrollExtent: 0.0, position.maxScrollExtent: 4227.454545454546, position.extentBefore: 0.0, position.extentInside: 822.5454545454545, position.extentAfter: 4227.454545454546, position.atEdge: true, position.outOfRange: false, position.viewportDimension: 822.5454545454545, position.axisDirection: AxisDirection.down
2023-04-12 10:06:17.750 18508-18582/io.flutter.scroll_overlay I/flutter: [kingwei]applyBoundaryConditions value: -9.599609375
2023-04-12 10:06:17.750 18508-18582/io.flutter.scroll_overlay I/flutter: [kingwei]applyBoundaryConditions result: Underscroll -9.599609375
2023-04-12 10:06:17.757 18508-18582/io.flutter.scroll_overlay I/flutter: [kingwei]applyPhysicsToUserOffset position.pixels: 0.0, position.minScrollExtent: 0.0, position.maxScrollExtent: 4227.454545454546, position.extentBefore: 0.0, position.extentInside: 822.5454545454545, position.extentAfter: 4227.454545454546, position.atEdge: true, position.outOfRange: false, position.viewportDimension: 822.5454545454545, position.axisDirection: AxisDirection.down
2023-04-12 10:06:17.757 18508-18582/io.flutter.scroll_overlay I/flutter: [kingwei]applyPhysicsToUserOffset offset: 10.399591619318187
2023-04-12 10:06:17.757 18508-18582/io.flutter.scroll_overlay I/flutter: [kingwei]applyPhysicsToUserOffset result: 10.399591619318187
2023-04-12 10:06:17.757 18508-18582/io.flutter.scroll_overlay I/flutter: [kingwei]applyBoundaryConditions position.pixels: 0.0, position.minScrollExtent: 0.0, position.maxScrollExtent: 4227.454545454546, position.extentBefore: 0.0, position.extentInside: 822.5454545454545, position.extentAfter: 4227.454545454546, position.atEdge: true, position.outOfRange: false, position.viewportDimension: 822.5454545454545, position.axisDirection: AxisDirection.down
2023-04-12 10:06:17.757 18508-18582/io.flutter.scroll_overlay I/flutter: [kingwei]applyBoundaryConditions value: -10.399591619318187
2023-04-12 10:06:17.757 18508-18582/io.flutter.scroll_overlay I/flutter: [kingwei]applyBoundaryConditions result: Underscroll -10.399591619318187
2023-04-12 10:06:17.762 18508-18582/io.flutter.scroll_overlay I/flutter: [kingwei]applyPhysicsToUserOffset position.pixels: 0.0, position.minScrollExtent: 0.0, position.maxScrollExtent: 4227.454545454546, position.extentBefore: 0.0, position.extentInside: 822.5454545454545, position.extentAfter: 4227.454545454546, position.atEdge: true, position.outOfRange: false, position.viewportDimension: 822.5454545454545, position.axisDirection: AxisDirection.down
2023-04-12 10:06:17.762 18508-18582/io.flutter.scroll_overlay I/flutter: [kingwei]applyPhysicsToUserOffset offset: 12.217640269886374
2023-04-12 10:06:17.762 18508-18582/io.flutter.scroll_overlay I/flutter: [kingwei]applyPhysicsToUserOffset result: 12.217640269886374
2023-04-12 10:06:17.762 18508-18582/io.flutter.scroll_overlay I/flutter: [kingwei]applyBoundaryConditions position.pixels: 0.0, position.minScrollExtent: 0.0, position.maxScrollExtent: 4227.454545454546, position.extentBefore: 0.0, position.extentInside: 822.5454545454545, position.extentAfter: 4227.454545454546, position.atEdge: true, position.outOfRange: false, position.viewportDimension: 822.5454545454545, position.axisDirection: AxisDirection.down
2023-04-12 10:06:17.762 18508-18582/io.flutter.scroll_overlay I/flutter: [kingwei]applyBoundaryConditions value: -12.217640269886374
2023-04-12 10:06:17.762 18508-18582/io.flutter.scroll_overlay I/flutter: [kingwei]applyBoundaryConditions result: Underscroll -12.217640269886374
2023-04-12 10:06:17.768 18508-18582/io.flutter.scroll_overlay I/flutter: [kingwei]applyPhysicsToUserOffset position.pixels: 0.0, position.minScrollExtent: 0.0, position.maxScrollExtent: 4227.454545454546, position.extentBefore: 0.0, position.extentInside: 822.5454545454545, position.extentAfter: 4227.454545454546, position.atEdge: true, position.outOfRange: false, position.viewportDimension: 822.5454545454545, position.axisDirection: AxisDirection.down
2023-04-12 10:06:17.768 18508-18582/io.flutter.scroll_overlay I/flutter: [kingwei]applyPhysicsToUserOffset offset: 12.944912997159065
2023-04-12 10:06:17.768 18508-18582/io.flutter.scroll_overlay I/flutter: [kingwei]applyPhysicsToUserOffset result: 12.944912997159065
2023-04-12 10:06:17.768 18508-18582/io.flutter.scroll_overlay I/flutter: [kingwei]applyBoundaryConditions position.pixels: 0.0, position.minScrollExtent: 0.0, position.maxScrollExtent: 4227.454545454546, position.extentBefore: 0.0, position.extentInside: 822.5454545454545, position.extentAfter: 4227.454545454546, position.atEdge: true, position.outOfRange: false, position.viewportDimension: 822.5454545454545, position.axisDirection: AxisDirection.down
2023-04-12 10:06:17.768 18508-18582/io.flutter.scroll_overlay I/flutter: [kingwei]applyBoundaryConditions value: -12.944912997159065
2023-04-12 10:06:17.768 18508-18582/io.flutter.scroll_overlay I/flutter: [kingwei]applyBoundaryConditions result: Underscroll -12.944912997159065
2023-04-12 10:06:17.774 18508-18582/io.flutter.scroll_overlay I/flutter: [kingwei]applyPhysicsToUserOffset position.pixels: 0.0, position.minScrollExtent: 0.0, position.maxScrollExtent: 4227.454545454546, position.extentBefore: 0.0, position.extentInside: 822.5454545454545, position.extentAfter: 4227.454545454546, position.atEdge: true, position.outOfRange: false, position.viewportDimension: 822.5454545454545, position.axisDirection: AxisDirection.down
2023-04-12 10:06:17.774 18508-18582/io.flutter.scroll_overlay I/flutter: [kingwei]applyPhysicsToUserOffset offset: 13.23583984375
2023-04-12 10:06:17.774 18508-18582/io.flutter.scroll_overlay I/flutter: [kingwei]applyPhysicsToUserOffset result: 13.23583984375
2023-04-12 10:06:17.774 18508-18582/io.flutter.scroll_overlay I/flutter: [kingwei]applyBoundaryConditions position.pixels: 0.0, position.minScrollExtent: 0.0, position.maxScrollExtent: 4227.454545454546, position.extentBefore: 0.0, position.extentInside: 822.5454545454545, position.extentAfter: 4227.454545454546, position.atEdge: true, position.outOfRange: false, position.viewportDimension: 822.5454545454545, position.axisDirection: AxisDirection.down
2023-04-12 10:06:17.774 18508-18582/io.flutter.scroll_overlay I/flutter: [kingwei]applyBoundaryConditions value: -13.23583984375
2023-04-12 10:06:17.774 18508-18582/io.flutter.scroll_overlay I/flutter: [kingwei]applyBoundaryConditions result: Underscroll -13.23583984375
2023-04-12 10:06:17.781 18508-18582/io.flutter.scroll_overlay I/flutter: [kingwei]applyPhysicsToUserOffset position.pixels: 0.0, position.minScrollExtent: 0.0, position.maxScrollExtent: 4227.454545454546, position.extentBefore: 0.0, position.extentInside: 822.5454545454545, position.extentAfter: 4227.454545454546, position.atEdge: true, position.outOfRange: false, position.viewportDimension: 822.5454545454545, position.axisDirection: AxisDirection.down
2023-04-12 10:06:17.781 18508-18582/io.flutter.scroll_overlay I/flutter: [kingwei]applyPhysicsToUserOffset offset: 12.290394176136374
2023-04-12 10:06:17.781 18508-18582/io.flutter.scroll_overlay I/flutter: [kingwei]applyPhysicsToUserOffset result: 12.290394176136374
2023-04-12 10:06:17.781 18508-18582/io.flutter.scroll_overlay I/flutter: [kingwei]applyBoundaryConditions position.pixels: 0.0, position.minScrollExtent: 0.0, position.maxScrollExtent: 4227.454545454546, position.extentBefore: 0.0, position.extentInside: 822.5454545454545, position.extentAfter: 4227.454545454546, position.atEdge: true, position.outOfRange: false, position.viewportDimension: 822.5454545454545, position.axisDirection: AxisDirection.down
2023-04-12 10:06:17.781 18508-18582/io.flutter.scroll_overlay I/flutter: [kingwei]applyBoundaryConditions value: -12.290394176136374
2023-04-12 10:06:17.781 18508-18582/io.flutter.scroll_overlay I/flutter: [kingwei]applyBoundaryConditions result: Underscroll -12.290394176136374
2023-04-12 10:06:17.786 18508-18582/io.flutter.scroll_overlay I/flutter: [kingwei]applyPhysicsToUserOffset position.pixels: 0.0, position.minScrollExtent: 0.0, position.maxScrollExtent: 4227.454545454546, position.extentBefore: 0.0, position.extentInside: 822.5454545454545, position.extentAfter: 4227.454545454546, position.atEdge: true, position.outOfRange: false, position.viewportDimension: 822.5454545454545, position.axisDirection: AxisDirection.down
2023-04-12 10:06:17.786 18508-18582/io.flutter.scroll_overlay I/flutter: [kingwei]applyPhysicsToUserOffset offset: 12.508567116477252
2023-04-12 10:06:17.786 18508-18582/io.flutter.scroll_overlay I/flutter: [kingwei]applyPhysicsToUserOffset result: 12.508567116477252
2023-04-12 10:06:17.786 18508-18582/io.flutter.scroll_overlay I/flutter: [kingwei]applyBoundaryConditions position.pixels: 0.0, position.minScrollExtent: 0.0, position.maxScrollExtent: 4227.454545454546, position.extentBefore: 0.0, position.extentInside: 822.5454545454545, position.extentAfter: 4227.454545454546, position.atEdge: true, position.outOfRange: false, position.viewportDimension: 822.5454545454545, position.axisDirection: AxisDirection.down
2023-04-12 10:06:17.786 18508-18582/io.flutter.scroll_overlay I/flutter: [kingwei]applyBoundaryConditions value: -12.508567116477252
2023-04-12 10:06:17.786 18508-18582/io.flutter.scroll_overlay I/flutter: [kingwei]applyBoundaryConditions result: Underscroll -12.508567116477252
2023-04-12 10:06:17.792 18508-18582/io.flutter.scroll_overlay I/flutter: [kingwei]applyPhysicsToUserOffset position.pixels: 0.0, position.minScrollExtent: 0.0, position.maxScrollExtent: 4227.454545454546, position.extentBefore: 0.0, position.extentInside: 822.5454545454545, position.extentAfter: 4227.454545454546, position.atEdge: true, position.outOfRange: false, position.viewportDimension: 822.5454545454545, position.axisDirection: AxisDirection.down
2023-04-12 10:06:17.792 18508-18582/io.flutter.scroll_overlay I/flutter: [kingwei]applyPhysicsToUserOffset offset: 12.799449573863626
2023-04-12 10:06:17.792 18508-18582/io.flutter.scroll_overlay I/flutter: [kingwei]applyPhysicsToUserOffset result: 12.799449573863626
2023-04-12 10:06:17.792 18508-18582/io.flutter.scroll_overlay I/flutter: [kingwei]applyBoundaryConditions position.pixels: 0.0, position.minScrollExtent: 0.0, position.maxScrollExtent: 4227.454545454546, position.extentBefore: 0.0, position.extentInside: 822.5454545454545, position.extentAfter: 4227.454545454546, position.atEdge: true, position.outOfRange: false, position.viewportDimension: 822.5454545454545, position.axisDirection: AxisDirection.down
2023-04-12 10:06:17.792 18508-18582/io.flutter.scroll_overlay I/flutter: [kingwei]applyBoundaryConditions value: -12.799449573863626
2023-04-12 10:06:17.792 18508-18582/io.flutter.scroll_overlay I/flutter: [kingwei]applyBoundaryConditions result: Underscroll -12.799449573863626
2023-04-12 10:06:17.798 18508-18582/io.flutter.scroll_overlay I/flutter: [kingwei]applyPhysicsToUserOffset position.pixels: 0.0, position.minScrollExtent: 0.0, position.maxScrollExtent: 4227.454545454546, position.extentBefore: 0.0, position.extentInside: 822.5454545454545, position.extentAfter: 4227.454545454546, position.atEdge: true, position.outOfRange: false, position.viewportDimension: 822.5454545454545, position.axisDirection: AxisDirection.down
2023-04-12 10:06:17.798 18508-18582/io.flutter.scroll_overlay I/flutter: [kingwei]applyPhysicsToUserOffset offset: 14.035777698863626
2023-04-12 10:06:17.798 18508-18582/io.flutter.scroll_overlay I/flutter: [kingwei]applyPhysicsToUserOffset result: 14.035777698863626
2023-04-12 10:06:17.798 18508-18582/io.flutter.scroll_overlay I/flutter: [kingwei]applyBoundaryConditions position.pixels: 0.0, position.minScrollExtent: 0.0, position.maxScrollExtent: 4227.454545454546, position.extentBefore: 0.0, position.extentInside: 822.5454545454545, position.extentAfter: 4227.454545454546, position.atEdge: true, position.outOfRange: false, position.viewportDimension: 822.5454545454545, position.axisDirection: AxisDirection.down
2023-04-12 10:06:17.798 18508-18582/io.flutter.scroll_overlay I/flutter: [kingwei]applyBoundaryConditions value: -14.035777698863626
2023-04-12 10:06:17.798 18508-18582/io.flutter.scroll_overlay I/flutter: [kingwei]applyBoundaryConditions result: Underscroll -14.035777698863626
2023-04-12 10:06:17.803 18508-18582/io.flutter.scroll_overlay I/flutter: [kingwei]applyPhysicsToUserOffset position.pixels: 0.0, position.minScrollExtent: 0.0, position.maxScrollExtent: 4227.454545454546, position.extentBefore: 0.0, position.extentInside: 822.5454545454545, position.extentAfter: 4227.454545454546, position.atEdge: true, position.outOfRange: false, position.viewportDimension: 822.5454545454545, position.axisDirection: AxisDirection.down
2023-04-12 10:06:17.803 18508-18582/io.flutter.scroll_overlay I/flutter: [kingwei]applyPhysicsToUserOffset offset: 13.381258877840935
2023-04-12 10:06:17.804 18508-18582/io.flutter.scroll_overlay I/flutter: [kingwei]applyPhysicsToUserOffset result: 13.381258877840935
2023-04-12 10:06:17.804 18508-18582/io.flutter.scroll_overlay I/flutter: [kingwei]applyBoundaryConditions position.pixels: 0.0, position.minScrollExtent: 0.0, position.maxScrollExtent: 4227.454545454546, position.extentBefore: 0.0, position.extentInside: 822.5454545454545, position.extentAfter: 4227.454545454546, position.atEdge: true, position.outOfRange: false, position.viewportDimension: 822.5454545454545, position.axisDirection: AxisDirection.down
2023-04-12 10:06:17.804 18508-18582/io.flutter.scroll_overlay I/flutter: [kingwei]applyBoundaryConditions value: -13.381258877840935
2023-04-12 10:06:17.804 18508-18582/io.flutter.scroll_overlay I/flutter: [kingwei]applyBoundaryConditions result: Underscroll -13.381258877840935
2023-04-12 10:06:17.809 18508-18582/io.flutter.scroll_overlay I/flutter: [kingwei]applyPhysicsToUserOffset position.pixels: 0.0, position.minScrollExtent: 0.0, position.maxScrollExtent: 4227.454545454546, position.extentBefore: 0.0, position.extentInside: 822.5454545454545, position.extentAfter: 4227.454545454546, position.atEdge: true, position.outOfRange: false, position.viewportDimension: 822.5454545454545, position.axisDirection: AxisDirection.down
2023-04-12 10:06:17.809 18508-18582/io.flutter.scroll_overlay I/flutter: [kingwei]applyPhysicsToUserOffset offset: 11.635919744318187
2023-04-12 10:06:17.809 18508-18582/io.flutter.scroll_overlay I/flutter: [kingwei]applyPhysicsToUserOffset result: 11.635919744318187
2023-04-12 10:06:17.809 18508-18582/io.flutter.scroll_overlay I/flutter: [kingwei]applyBoundaryConditions position.pixels: 0.0, position.minScrollExtent: 0.0, position.maxScrollExtent: 4227.454545454546, position.extentBefore: 0.0, position.extentInside: 822.5454545454545, position.extentAfter: 4227.454545454546, position.atEdge: true, position.outOfRange: false, position.viewportDimension: 822.5454545454545, position.axisDirection: AxisDirection.down
2023-04-12 10:06:17.809 18508-18582/io.flutter.scroll_overlay I/flutter: [kingwei]applyBoundaryConditions value: -11.635919744318187
2023-04-12 10:06:17.809 18508-18582/io.flutter.scroll_overlay I/flutter: [kingwei]applyBoundaryConditions result: Underscroll -11.635919744318187
2023-04-12 10:06:17.816 18508-18582/io.flutter.scroll_overlay I/flutter: [kingwei]applyPhysicsToUserOffset position.pixels: 0.0, position.minScrollExtent: 0.0, position.maxScrollExtent: 4227.454545454546, position.extentBefore: 0.0, position.extentInside: 822.5454545454545, position.extentAfter: 4227.454545454546, position.atEdge: true, position.outOfRange: false, position.viewportDimension: 822.5454545454545, position.axisDirection: AxisDirection.down
2023-04-12 10:06:17.816 18508-18582/io.flutter.scroll_overlay I/flutter: [kingwei]applyPhysicsToUserOffset offset: 13.09033203125
2023-04-12 10:06:17.816 18508-18582/io.flutter.scroll_overlay I/flutter: [kingwei]applyPhysicsToUserOffset result: 13.09033203125
2023-04-12 10:06:17.816 18508-18582/io.flutter.scroll_overlay I/flutter: [kingwei]applyBoundaryConditions position.pixels: 0.0, position.minScrollExtent: 0.0, position.maxScrollExtent: 4227.454545454546, position.extentBefore: 0.0, position.extentInside: 822.5454545454545, position.extentAfter: 4227.454545454546, position.atEdge: true, position.outOfRange: false, position.viewportDimension: 822.5454545454545, position.axisDirection: AxisDirection.down
2023-04-12 10:06:17.816 18508-18582/io.flutter.scroll_overlay I/flutter: [kingwei]applyBoundaryConditions value: -13.09033203125
2023-04-12 10:06:17.816 18508-18582/io.flutter.scroll_overlay I/flutter: [kingwei]applyBoundaryConditions result: Underscroll -13.09033203125
2023-04-12 10:06:17.822 18508-18582/io.flutter.scroll_overlay I/flutter: [kingwei]applyPhysicsToUserOffset position.pixels: 0.0, position.minScrollExtent: 0.0, position.maxScrollExtent: 4227.454545454546, position.extentBefore: 0.0, position.extentInside: 822.5454545454545, position.extentAfter: 4227.454545454546, position.atEdge: true, position.outOfRange: false, position.viewportDimension: 822.5454545454545, position.axisDirection: AxisDirection.down
2023-04-12 10:06:17.822 18508-18582/io.flutter.scroll_overlay I/flutter: [kingwei]applyPhysicsToUserOffset offset: 12.79949396306813
2023-04-12 10:06:17.822 18508-18582/io.flutter.scroll_overlay I/flutter: [kingwei]applyPhysicsToUserOffset result: 12.79949396306813
2023-04-12 10:06:17.822 18508-18582/io.flutter.scroll_overlay I/flutter: [kingwei]applyBoundaryConditions position.pixels: 0.0, position.minScrollExtent: 0.0, position.maxScrollExtent: 4227.454545454546, position.extentBefore: 0.0, position.extentInside: 822.5454545454545, position.extentAfter: 4227.454545454546, position.atEdge: true, position.outOfRange: false, position.viewportDimension: 822.5454545454545, position.axisDirection: AxisDirection.down
2023-04-12 10:06:17.822 18508-18582/io.flutter.scroll_overlay I/flutter: [kingwei]applyBoundaryConditions value: -12.79949396306813
2023-04-12 10:06:17.822 18508-18582/io.flutter.scroll_overlay I/flutter: [kingwei]applyBoundaryConditions result: Underscroll -12.79949396306813
2023-04-12 10:06:17.827 18508-18582/io.flutter.scroll_overlay I/flutter: [kingwei]applyPhysicsToUserOffset position.pixels: 0.0, position.minScrollExtent: 0.0, position.maxScrollExtent: 4227.454545454546, position.extentBefore: 0.0, position.extentInside: 822.5454545454545, position.extentAfter: 4227.454545454546, position.atEdge: true, position.outOfRange: false, position.viewportDimension: 822.5454545454545, position.axisDirection: AxisDirection.down
2023-04-12 10:06:17.827 18508-18582/io.flutter.scroll_overlay I/flutter: [kingwei]applyPhysicsToUserOffset offset: 13.52667791193187
2023-04-12 10:06:17.827 18508-18582/io.flutter.scroll_overlay I/flutter: [kingwei]applyPhysicsToUserOffset result: 13.52667791193187
2023-04-12 10:06:17.827 18508-18582/io.flutter.scroll_overlay I/flutter: [kingwei]applyBoundaryConditions position.pixels: 0.0, position.minScrollExtent: 0.0, position.maxScrollExtent: 4227.454545454546, position.extentBefore: 0.0, position.extentInside: 822.5454545454545, position.extentAfter: 4227.454545454546, position.atEdge: true, position.outOfRange: false, position.viewportDimension: 822.5454545454545, position.axisDirection: AxisDirection.down
2023-04-12 10:06:17.827 18508-18582/io.flutter.scroll_overlay I/flutter: [kingwei]applyBoundaryConditions value: -13.52667791193187
2023-04-12 10:06:17.827 18508-18582/io.flutter.scroll_overlay I/flutter: [kingwei]applyBoundaryConditions result: Underscroll -13.52667791193187
2023-04-12 10:06:17.833 18508-18582/io.flutter.scroll_overlay I/flutter: [kingwei]applyPhysicsToUserOffset position.pixels: 0.0, position.minScrollExtent: 0.0, position.maxScrollExtent: 4227.454545454546, position.extentBefore: 0.0, position.extentInside: 822.5454545454545, position.extentAfter: 4227.454545454546, position.atEdge: true, position.outOfRange: false, position.viewportDimension: 822.5454545454545, position.axisDirection: AxisDirection.down
2023-04-12 10:06:17.833 18508-18582/io.flutter.scroll_overlay I/flutter: [kingwei]applyPhysicsToUserOffset offset: 13.744895241477252
2023-04-12 10:06:17.833 18508-18582/io.flutter.scroll_overlay I/flutter: [kingwei]applyPhysicsToUserOffset result: 13.744895241477252
2023-04-12 10:06:17.833 18508-18582/io.flutter.scroll_overlay I/flutter: [kingwei]applyBoundaryConditions position.pixels: 0.0, position.minScrollExtent: 0.0, position.maxScrollExtent: 4227.454545454546, position.extentBefore: 0.0, position.extentInside: 822.5454545454545, position.extentAfter: 4227.454545454546, position.atEdge: true, position.outOfRange: false, position.viewportDimension: 822.5454545454545, position.axisDirection: AxisDirection.down
2023-04-12 10:06:17.833 18508-18582/io.flutter.scroll_overlay I/flutter: [kingwei]applyBoundaryConditions value: -13.744895241477252
2023-04-12 10:06:17.833 18508-18582/io.flutter.scroll_overlay I/flutter: [kingwei]applyBoundaryConditions result: Underscroll -13.744895241477252
2023-04-12 10:06:17.839 18508-18582/io.flutter.scroll_overlay I/flutter: [kingwei]applyPhysicsToUserOffset position.pixels: 0.0, position.minScrollExtent: 0.0, position.maxScrollExtent: 4227.454545454546, position.extentBefore: 0.0, position.extentInside: 822.5454545454545, position.extentAfter: 4227.454545454546, position.atEdge: true, position.outOfRange: false, position.viewportDimension: 822.5454545454545, position.axisDirection: AxisDirection.down
2023-04-12 10:06:17.839 18508-18582/io.flutter.scroll_overlay I/flutter: [kingwei]applyPhysicsToUserOffset offset: 13.453968394886374
2023-04-12 10:06:17.839 18508-18582/io.flutter.scroll_overlay I/flutter: [kingwei]applyPhysicsToUserOffset result: 13.453968394886374
2023-04-12 10:06:17.839 18508-18582/io.flutter.scroll_overlay I/flutter: [kingwei]applyBoundaryConditions position.pixels: 0.0, position.minScrollExtent: 0.0, position.maxScrollExtent: 4227.454545454546, position.extentBefore: 0.0, position.extentInside: 822.5454545454545, position.extentAfter: 4227.454545454546, position.atEdge: true, position.outOfRange: false, position.viewportDimension: 822.5454545454545, position.axisDirection: AxisDirection.down
2023-04-12 10:06:17.839 18508-18582/io.flutter.scroll_overlay I/flutter: [kingwei]applyBoundaryConditions value: -13.453968394886374
2023-04-12 10:06:17.839 18508-18582/io.flutter.scroll_overlay I/flutter: [kingwei]applyBoundaryConditions result: Underscroll -13.453968394886374
2023-04-12 10:06:17.845 18508-18582/io.flutter.scroll_overlay I/flutter: [kingwei]applyPhysicsToUserOffset position.pixels: 0.0, position.minScrollExtent: 0.0, position.maxScrollExtent: 4227.454545454546, position.extentBefore: 0.0, position.extentInside: 822.5454545454545, position.extentAfter: 4227.454545454546, position.atEdge: true, position.outOfRange: false, position.viewportDimension: 822.5454545454545, position.axisDirection: AxisDirection.down
2023-04-12 10:06:17.845 18508-18582/io.flutter.scroll_overlay I/flutter: [kingwei]applyPhysicsToUserOffset offset: 13.1630859375
2023-04-12 10:06:17.845 18508-18582/io.flutter.scroll_overlay I/flutter: [kingwei]applyPhysicsToUserOffset result: 13.1630859375
2023-04-12 10:06:17.845 18508-18582/io.flutter.scroll_overlay I/flutter: [kingwei]applyBoundaryConditions position.pixels: 0.0, position.minScrollExtent: 0.0, position.maxScrollExtent: 4227.454545454546, position.extentBefore: 0.0, position.extentInside: 822.5454545454545, position.extentAfter: 4227.454545454546, position.atEdge: true, position.outOfRange: false, position.viewportDimension: 822.5454545454545, position.axisDirection: AxisDirection.down
2023-04-12 10:06:17.845 18508-18582/io.flutter.scroll_overlay I/flutter: [kingwei]applyBoundaryConditions value: -13.1630859375
2023-04-12 10:06:17.845 18508-18582/io.flutter.scroll_overlay I/flutter: [kingwei]applyBoundaryConditions result: Underscroll -13.1630859375
2023-04-12 10:06:17.851 18508-18582/io.flutter.scroll_overlay I/flutter: [kingwei]applyPhysicsToUserOffset position.pixels: 0.0, position.minScrollExtent: 0.0, position.maxScrollExtent: 4227.454545454546, position.extentBefore: 0.0, position.extentInside: 822.5454545454545, position.extentAfter: 4227.454545454546, position.atEdge: true, position.outOfRange: false, position.viewportDimension: 822.5454545454545, position.axisDirection: AxisDirection.down
2023-04-12 10:06:17.851 18508-18582/io.flutter.scroll_overlay I/flutter: [kingwei]applyPhysicsToUserOffset offset: 13.090376420454504
2023-04-12 10:06:17.851 18508-18582/io.flutter.scroll_overlay I/flutter: [kingwei]applyPhysicsToUserOffset result: 13.090376420454504
2023-04-12 10:06:17.851 18508-18582/io.flutter.scroll_overlay I/flutter: [kingwei]applyBoundaryConditions position.pixels: 0.0, position.minScrollExtent: 0.0, position.maxScrollExtent: 4227.454545454546, position.extentBefore: 0.0, position.extentInside: 822.5454545454545, position.extentAfter: 4227.454545454546, position.atEdge: true, position.outOfRange: false, position.viewportDimension: 822.5454545454545, position.axisDirection: AxisDirection.down
2023-04-12 10:06:17.851 18508-18582/io.flutter.scroll_overlay I/flutter: [kingwei]applyBoundaryConditions value: -13.090376420454504
2023-04-12 10:06:17.851 18508-18582/io.flutter.scroll_overlay I/flutter: [kingwei]applyBoundaryConditions result: Underscroll -13.090376420454504
2023-04-12 10:06:17.857 18508-18582/io.flutter.scroll_overlay I/flutter: [kingwei]applyPhysicsToUserOffset position.pixels: 0.0, position.minScrollExtent: 0.0, position.maxScrollExtent: 4227.454545454546, position.extentBefore: 0.0, position.extentInside: 822.5454545454545, position.extentAfter: 4227.454545454546, position.atEdge: true, position.outOfRange: false, position.viewportDimension: 822.5454545454545, position.axisDirection: AxisDirection.down
2023-04-12 10:06:17.857 18508-18582/io.flutter.scroll_overlay I/flutter: [kingwei]applyPhysicsToUserOffset offset: 14.472123579545496
2023-04-12 10:06:17.857 18508-18582/io.flutter.scroll_overlay I/flutter: [kingwei]applyPhysicsToUserOffset result: 14.472123579545496
2023-04-12 10:06:17.857 18508-18582/io.flutter.scroll_overlay I/flutter: [kingwei]applyBoundaryConditions position.pixels: 0.0, position.minScrollExtent: 0.0, position.maxScrollExtent: 4227.454545454546, position.extentBefore: 0.0, position.extentInside: 822.5454545454545, position.extentAfter: 4227.454545454546, position.atEdge: true, position.outOfRange: false, position.viewportDimension: 822.5454545454545, position.axisDirection: AxisDirection.down
2023-04-12 10:06:17.857 18508-18582/io.flutter.scroll_overlay I/flutter: [kingwei]applyBoundaryConditions value: -14.472123579545496
2023-04-12 10:06:17.857 18508-18582/io.flutter.scroll_overlay I/flutter: [kingwei]applyBoundaryConditions result: Underscroll -14.472123579545496
2023-04-12 10:06:17.865 18508-18582/io.flutter.scroll_overlay I/flutter: [kingwei]applyPhysicsToUserOffset position.pixels: 0.0, position.minScrollExtent: 0.0, position.maxScrollExtent: 4227.454545454546, position.extentBefore: 0.0, position.extentInside: 822.5454545454545, position.extentAfter: 4227.454545454546, position.atEdge: true, position.outOfRange: false, position.viewportDimension: 822.5454545454545, position.axisDirection: AxisDirection.down
2023-04-12 10:06:17.865 18508-18582/io.flutter.scroll_overlay I/flutter: [kingwei]applyPhysicsToUserOffset offset: 14.326704545454504
2023-04-12 10:06:17.865 18508-18582/io.flutter.scroll_overlay I/flutter: [kingwei]applyPhysicsToUserOffset result: 14.326704545454504
2023-04-12 10:06:17.865 18508-18582/io.flutter.scroll_overlay I/flutter: [kingwei]applyBoundaryConditions position.pixels: 0.0, position.minScrollExtent: 0.0, position.maxScrollExtent: 4227.454545454546, position.extentBefore: 0.0, position.extentInside: 822.5454545454545, position.extentAfter: 4227.454545454546, position.atEdge: true, position.outOfRange: false, position.viewportDimension: 822.5454545454545, position.axisDirection: AxisDirection.down
2023-04-12 10:06:17.865 18508-18582/io.flutter.scroll_overlay I/flutter: [kingwei]applyBoundaryConditions value: -14.326704545454504
2023-04-12 10:06:17.865 18508-18582/io.flutter.scroll_overlay I/flutter: [kingwei]applyBoundaryConditions result: Underscroll -14.326704545454504
2023-04-12 10:06:17.868 18508-18582/io.flutter.scroll_overlay I/flutter: [kingwei]applyPhysicsToUserOffset position.pixels: 0.0, position.minScrollExtent: 0.0, position.maxScrollExtent: 4227.454545454546, position.extentBefore: 0.0, position.extentInside: 822.5454545454545, position.extentAfter: 4227.454545454546, position.atEdge: true, position.outOfRange: false, position.viewportDimension: 822.5454545454545, position.axisDirection: AxisDirection.down
2023-04-12 10:06:17.868 18508-18582/io.flutter.scroll_overlay I/flutter: [kingwei]applyPhysicsToUserOffset offset: 13.963023792613626
2023-04-12 10:06:17.868 18508-18582/io.flutter.scroll_overlay I/flutter: [kingwei]applyPhysicsToUserOffset result: 13.963023792613626
2023-04-12 10:06:17.868 18508-18582/io.flutter.scroll_overlay I/flutter: [kingwei]applyBoundaryConditions position.pixels: 0.0, position.minScrollExtent: 0.0, position.maxScrollExtent: 4227.454545454546, position.extentBefore: 0.0, position.extentInside: 822.5454545454545, position.extentAfter: 4227.454545454546, position.atEdge: true, position.outOfRange: false, position.viewportDimension: 822.5454545454545, position.axisDirection: AxisDirection.down
2023-04-12 10:06:17.869 18508-18582/io.flutter.scroll_overlay I/flutter: [kingwei]applyBoundaryConditions value: -13.963023792613626
2023-04-12 10:06:17.869 18508-18582/io.flutter.scroll_overlay I/flutter: [kingwei]applyBoundaryConditions result: Underscroll -13.963023792613626
2023-04-12 10:06:17.895 18508-18582/io.flutter.scroll_overlay I/flutter: [kingwei]applyBoundaryConditions position.pixels: 0.0, position.minScrollExtent: 0.0, position.maxScrollExtent: 4227.454545454546, position.extentBefore: 0.0, position.extentInside: 822.5454545454545, position.extentAfter: 4227.454545454546, position.atEdge: true, position.outOfRange: false, position.viewportDimension: 822.5454545454545, position.axisDirection: AxisDirection.down
2023-04-12 10:06:17.895 18508-18582/io.flutter.scroll_overlay I/flutter: [kingwei]applyBoundaryConditions value: -16.557565209304215
2023-04-12 10:06:17.895 18508-18582/io.flutter.scroll_overlay I/flutter: [kingwei]applyBoundaryConditions result: Underscroll -16.557565209304215
